[2020-02-01T17:02:24.261] [DEBUG] cheese - login => username:zs,password:123456
[2020-02-01T17:02:24.263] [DEBUG] cheese - zs
[2020-02-01T17:02:24.270] [DEBUG] cheese - null
[2020-02-01T17:02:24.270] [DEBUG] cheese - null
[2020-02-01T17:03:17.455] [DEBUG] cheese - login => username:admin,password:123456
[2020-02-01T17:03:17.455] [DEBUG] cheese - admin
[2020-02-01T17:03:17.460] [DEBUG] cheese - null
[2020-02-01T17:03:17.460] [DEBUG] cheese - null
[2020-02-01T21:47:33.598] [DEBUG] cheese - login => username:zs1,password:1231111111111
[2020-02-01T21:47:33.599] [DEBUG] cheese - zs1
[2020-02-01T21:47:33.611] [DEBUG] cheese - null
[2020-02-01T21:47:33.611] [DEBUG] cheese - null
[2020-02-01T21:48:56.261] [DEBUG] cheese - login => username:zs1,password:12311111
[2020-02-01T21:48:56.262] [DEBUG] cheese - zs1
[2020-02-01T21:48:56.263] [DEBUG] cheese - null
[2020-02-01T21:48:56.263] [DEBUG] cheese - null
[2020-02-01T21:50:23.547] [DEBUG] cheese - login => username:zs11,password:1231111
[2020-02-01T21:50:23.547] [DEBUG] cheese - zs11
[2020-02-01T21:50:23.549] [DEBUG] cheese - null
[2020-02-01T21:50:23.549] [DEBUG] cheese - null
[2020-02-01T21:52:24.463] [DEBUG] cheese - login => username:zs1111,password:12311111
[2020-02-01T21:52:24.463] [DEBUG] cheese - zs1111
[2020-02-01T21:52:24.466] [DEBUG] cheese - null
[2020-02-01T21:52:24.467] [DEBUG] cheese - null
[2020-02-01T21:52:31.711] [DEBUG] cheese - login => username:admin,password:123456
[2020-02-01T21:52:31.711] [DEBUG] cheese - admin
[2020-02-01T21:52:31.715] [DEBUG] cheese - null
[2020-02-01T21:52:31.715] [DEBUG] cheese - null
[2020-02-01T21:59:21.604] [DEBUG] cheese - login => username:zs11,password:1231111
[2020-02-01T21:59:21.605] [DEBUG] cheese - zs11
[2020-02-01T21:59:21.609] [DEBUG] cheese - null
[2020-02-01T21:59:21.609] [DEBUG] cheese - null
[2020-02-01T21:59:28.276] [DEBUG] cheese - login => username:admin,password:123456
[2020-02-01T21:59:28.276] [DEBUG] cheese - admin
[2020-02-01T21:59:28.278] [DEBUG] cheese - null
[2020-02-01T21:59:28.278] [DEBUG] cheese - null
[2020-02-01T22:06:31.047] [DEBUG] cheese - login => username:admin,password:123456
[2020-02-01T22:06:31.047] [DEBUG] cheese - admin
[2020-02-01T22:06:31.051] [DEBUG] cheese - null
[2020-02-01T22:06:31.051] [DEBUG] cheese - null
[2020-02-01T22:06:54.992] [DEBUG] cheese - login => username:admin,password:123456
[2020-02-01T22:06:54.992] [DEBUG] cheese - admin
[2020-02-01T22:06:54.994] [DEBUG] cheese - null
[2020-02-01T22:06:54.994] [DEBUG] cheese - null
[2020-02-01T22:07:00.784] [DEBUG] cheese - login => username:admin,password:123456
[2020-02-01T22:07:00.784] [DEBUG] cheese - admin
[2020-02-01T22:07:00.786] [DEBUG] cheese - null
[2020-02-01T22:07:00.786] [DEBUG] cheese - null
[2020-02-01T22:07:01.597] [DEBUG] cheese - login => username:admin,password:123456
[2020-02-01T22:07:01.597] [DEBUG] cheese - admin
[2020-02-01T22:07:01.599] [DEBUG] cheese - null
[2020-02-01T22:07:01.599] [DEBUG] cheese - null
[2020-02-01T22:07:01.753] [DEBUG] cheese - login => username:admin,password:123456
[2020-02-01T22:07:01.754] [DEBUG] cheese - admin
[2020-02-01T22:07:01.756] [DEBUG] cheese - null
[2020-02-01T22:07:01.756] [DEBUG] cheese - null
[2020-02-01T22:07:01.911] [DEBUG] cheese - login => username:admin,password:123456
[2020-02-01T22:07:01.911] [DEBUG] cheese - admin
[2020-02-01T22:07:01.913] [DEBUG] cheese - null
[2020-02-01T22:07:01.913] [DEBUG] cheese - null
[2020-02-01T22:07:02.105] [DEBUG] cheese - login => username:admin,password:123456
[2020-02-01T22:07:02.105] [DEBUG] cheese - admin
[2020-02-01T22:07:02.108] [DEBUG] cheese - null
[2020-02-01T22:07:02.108] [DEBUG] cheese - null
[2020-02-01T22:07:02.262] [DEBUG] cheese - login => username:admin,password:123456
[2020-02-01T22:07:02.262] [DEBUG] cheese - admin
[2020-02-01T22:07:02.264] [DEBUG] cheese - null
[2020-02-01T22:07:02.264] [DEBUG] cheese - null
[2020-02-01T22:07:02.414] [DEBUG] cheese - login => username:admin,password:123456
[2020-02-01T22:07:02.414] [DEBUG] cheese - admin
[2020-02-01T22:07:02.417] [DEBUG] cheese - null
[2020-02-01T22:07:02.417] [DEBUG] cheese - null
[2020-02-01T22:07:02.571] [DEBUG] cheese - login => username:admin,password:123456
[2020-02-01T22:07:02.571] [DEBUG] cheese - admin
[2020-02-01T22:07:02.574] [DEBUG] cheese - null
[2020-02-01T22:07:02.574] [DEBUG] cheese - null
[2020-02-01T22:07:02.742] [DEBUG] cheese - login => username:admin,password:123456
[2020-02-01T22:07:02.742] [DEBUG] cheese - admin
[2020-02-01T22:07:02.744] [DEBUG] cheese - null
[2020-02-01T22:07:02.744] [DEBUG] cheese - null
[2020-02-01T22:07:07.936] [DEBUG] cheese - login => username:admin,password:123456
[2020-02-01T22:07:07.936] [DEBUG] cheese - admin
[2020-02-01T22:07:07.940] [DEBUG] cheese - null
[2020-02-01T22:07:07.940] [DEBUG] cheese - null
[2020-02-01T22:07:08.500] [DEBUG] cheese - login => username:admin,password:123456
[2020-02-01T22:07:08.500] [DEBUG] cheese - admin
[2020-02-01T22:07:08.502] [DEBUG] cheese - null
[2020-02-01T22:07:08.502] [DEBUG] cheese - null
[2020-02-01T22:07:08.862] [DEBUG] cheese - login => username:admin,password:123456
[2020-02-01T22:07:08.862] [DEBUG] cheese - admin
[2020-02-01T22:07:08.865] [DEBUG] cheese - null
[2020-02-01T22:07:08.865] [DEBUG] cheese - null
[2020-02-01T22:07:09.011] [DEBUG] cheese - login => username:admin,password:123456
[2020-02-01T22:07:09.011] [DEBUG] cheese - admin
[2020-02-01T22:07:09.013] [DEBUG] cheese - null
[2020-02-01T22:07:09.014] [DEBUG] cheese - null
[2020-02-01T22:07:09.188] [DEBUG] cheese - login => username:admin,password:123456
[2020-02-01T22:07:09.188] [DEBUG] cheese - admin
[2020-02-01T22:07:09.190] [DEBUG] cheese - null
[2020-02-01T22:07:09.190] [DEBUG] cheese - null
[2020-02-01T22:07:09.352] [DEBUG] cheese - login => username:admin,password:123456
[2020-02-01T22:07:09.352] [DEBUG] cheese - admin
[2020-02-01T22:07:09.354] [DEBUG] cheese - null
[2020-02-01T22:07:09.354] [DEBUG] cheese - null
[2020-02-01T22:07:09.511] [DEBUG] cheese - login => username:admin,password:123456
[2020-02-01T22:07:09.512] [DEBUG] cheese - admin
[2020-02-01T22:07:09.514] [DEBUG] cheese - null
[2020-02-01T22:07:09.514] [DEBUG] cheese - null
[2020-02-01T22:07:09.657] [DEBUG] cheese - login => username:admin,password:123456
[2020-02-01T22:07:09.657] [DEBUG] cheese - admin
[2020-02-01T22:07:09.660] [DEBUG] cheese - null
[2020-02-01T22:07:09.660] [DEBUG] cheese - null
[2020-02-01T22:07:09.844] [DEBUG] cheese - login => username:admin,password:123456
[2020-02-01T22:07:09.844] [DEBUG] cheese - admin
[2020-02-01T22:07:09.846] [DEBUG] cheese - null
[2020-02-01T22:07:09.846] [DEBUG] cheese - null
[2020-02-01T22:07:10.011] [DEBUG] cheese - login => username:admin,password:123456
[2020-02-01T22:07:10.011] [DEBUG] cheese - admin
[2020-02-01T22:07:10.014] [DEBUG] cheese - null
[2020-02-01T22:07:10.014] [DEBUG] cheese - null
[2020-02-01T22:07:51.614] [DEBUG] cheese - login => username:admin,password:123456
[2020-02-01T22:07:51.614] [DEBUG] cheese - admin
[2020-02-01T22:07:51.616] [DEBUG] cheese - null
[2020-02-01T22:07:51.616] [DEBUG] cheese - null
[2020-02-01T22:08:45.159] [DEBUG] cheese - login => username:admin,password:123456
[2020-02-01T22:08:45.159] [DEBUG] cheese - admin
[2020-02-01T22:08:45.161] [DEBUG] cheese - null
[2020-02-01T22:08:45.161] [DEBUG] cheese - null
[2020-02-01T22:08:58.049] [DEBUG] cheese - login => username:admin,password:123456
[2020-02-01T22:08:58.049] [DEBUG] cheese - admin
[2020-02-01T22:08:58.051] [DEBUG] cheese - null
[2020-02-01T22:08:58.051] [DEBUG] cheese - null
[2020-02-01T22:10:34.865] [DEBUG] cheese - login => username:admin,password:123456
[2020-02-01T22:10:34.865] [DEBUG] cheese - admin
[2020-02-01T22:10:34.868] [DEBUG] cheese - null
[2020-02-01T22:10:34.868] [DEBUG] cheese - null
[2020-02-01T22:11:30.741] [DEBUG] cheese - login => username:admin,password:123456
[2020-02-01T22:11:30.741] [DEBUG] cheese - admin
[2020-02-01T22:11:30.744] [DEBUG] cheese - null
[2020-02-01T22:11:30.744] [DEBUG] cheese - null
[2020-02-01T22:13:31.979] [DEBUG] cheese - login => username:admin,password:123456
[2020-02-01T22:13:31.979] [DEBUG] cheese - admin
[2020-02-01T22:13:31.982] [DEBUG] cheese - null
[2020-02-01T22:13:31.982] [DEBUG] cheese - null
[2020-02-01T22:29:59.085] [DEBUG] cheese - login => username:admin,password:123456
[2020-02-01T22:29:59.085] [DEBUG] cheese - admin
[2020-02-01T22:29:59.089] [DEBUG] cheese - null
[2020-02-01T22:29:59.089] [DEBUG] cheese - null
[2020-02-01T22:59:03.351] [DEBUG] cheese - login => username:admin,password:123456
[2020-02-01T22:59:03.351] [DEBUG] cheese - admin
[2020-02-01T22:59:03.361] [DEBUG] cheese - null
[2020-02-01T22:59:03.362] [DEBUG] cheese - null
[2020-02-02T12:41:58.547] [DEBUG] cheese - login => username:admin,password:123456
[2020-02-02T12:41:58.548] [DEBUG] cheese - admin
[2020-02-02T12:41:58.564] [DEBUG] cheese - null
[2020-02-02T12:41:58.565] [DEBUG] cheese - null
[2020-02-02T13:52:09.846] [DEBUG] cheese - login => username:admin,password:123456
[2020-02-02T13:52:09.846] [DEBUG] cheese - admin
[2020-02-02T13:52:09.855] [DEBUG] cheese - null
[2020-02-02T13:52:09.855] [DEBUG] cheese - null
[2020-02-02T13:53:46.283] [DEBUG] cheese - login => username:admin,password:123456
[2020-02-02T13:53:46.283] [DEBUG] cheese - admin
[2020-02-02T13:53:46.287] [DEBUG] cheese - null
[2020-02-02T13:53:46.287] [DEBUG] cheese - null
[2020-02-02T13:54:13.598] [DEBUG] cheese - login => username:admin,password:123456
[2020-02-02T13:54:13.598] [DEBUG] cheese - admin
[2020-02-02T13:54:13.600] [DEBUG] cheese - null
[2020-02-02T13:54:13.600] [DEBUG] cheese - null
[2020-02-02T14:09:05.223] [DEBUG] cheese - login => username:admin,password:123456
[2020-02-02T14:09:05.223] [DEBUG] cheese - admin
[2020-02-02T14:09:05.227] [DEBUG] cheese - null
[2020-02-02T14:09:05.227] [DEBUG] cheese - null
[2020-02-02T14:12:26.154] [DEBUG] cheese - login => username:admin,password:123456
[2020-02-02T14:12:26.155] [DEBUG] cheese - admin
[2020-02-02T14:12:26.157] [DEBUG] cheese - null
[2020-02-02T14:12:26.157] [DEBUG] cheese - null
[2020-02-02T15:42:15.711] [DEBUG] cheese - login => username:admin,password:123456
[2020-02-02T15:42:15.713] [DEBUG] cheese - admin
[2020-02-02T15:42:15.721] [DEBUG] cheese - null
[2020-02-02T15:42:15.721] [DEBUG] cheese - null
[2020-02-02T15:45:14.648] [DEBUG] cheese - login => username:admin,password:123456
[2020-02-02T15:45:14.649] [DEBUG] cheese - admin
[2020-02-02T15:45:14.652] [DEBUG] cheese - null
[2020-02-02T15:45:14.652] [DEBUG] cheese - null
[2020-02-02T15:47:23.848] [DEBUG] cheese - login => username:admin,password:123456
[2020-02-02T15:47:23.848] [DEBUG] cheese - admin
[2020-02-02T15:47:23.850] [DEBUG] cheese - null
[2020-02-02T15:47:23.850] [DEBUG] cheese - null
[2020-02-02T15:47:26.739] [DEBUG] cheese - login => username:admin,password:123456
[2020-02-02T15:47:26.739] [DEBUG] cheese - admin
[2020-02-02T15:47:26.741] [DEBUG] cheese - null
[2020-02-02T15:47:26.741] [DEBUG] cheese - null
[2020-02-02T15:53:22.760] [DEBUG] cheese - login => username:admin,password:123456
[2020-02-02T15:53:22.760] [DEBUG] cheese - admin
[2020-02-02T15:53:22.763] [DEBUG] cheese - null
[2020-02-02T15:53:22.763] [DEBUG] cheese - null
[2020-02-02T15:56:20.261] [DEBUG] cheese - login => username:admin,password:123456
[2020-02-02T15:56:20.261] [DEBUG] cheese - admin
[2020-02-02T15:56:20.264] [DEBUG] cheese - null
[2020-02-02T15:56:20.264] [DEBUG] cheese - null
[2020-02-02T15:58:47.399] [DEBUG] cheese - login => username:admin,password:123456
[2020-02-02T15:58:47.399] [DEBUG] cheese - admin
[2020-02-02T15:58:47.402] [DEBUG] cheese - null
[2020-02-02T15:58:47.402] [DEBUG] cheese - null
[2020-02-02T16:08:02.503] [DEBUG] cheese - login => username:admin,password:123456
[2020-02-02T16:08:02.503] [DEBUG] cheese - admin
[2020-02-02T16:08:02.505] [DEBUG] cheese - null
[2020-02-02T16:08:02.505] [DEBUG] cheese - null
[2020-02-02T16:18:59.089] [DEBUG] cheese - login => username:admin,password:123456
[2020-02-02T16:18:59.089] [DEBUG] cheese - admin
[2020-02-02T16:18:59.090] [DEBUG] cheese - null
[2020-02-02T16:18:59.091] [DEBUG] cheese - null
[2020-02-02T18:07:04.329] [DEBUG] cheese - login => username:admin,password:123456
[2020-02-02T18:07:04.330] [DEBUG] cheese - admin
[2020-02-02T18:07:04.333] [DEBUG] cheese - null
[2020-02-02T18:07:04.333] [DEBUG] cheese - null
[2020-02-02T21:29:13.676] [DEBUG] cheese - login => username:admin,password:123456
[2020-02-02T21:29:13.678] [DEBUG] cheese - admin
[2020-02-02T21:29:13.683] [DEBUG] cheese - null
[2020-02-02T21:29:13.683] [DEBUG] cheese - null
[2020-02-02T21:40:01.944] [DEBUG] cheese - login => username:admin,password:123456
[2020-02-02T21:40:01.944] [DEBUG] cheese - admin
[2020-02-02T21:40:01.947] [DEBUG] cheese - null
[2020-02-02T21:40:01.947] [DEBUG] cheese - null
[2020-02-02T22:15:41.627] [DEBUG] cheese - login => username:admin,password:123456
[2020-02-02T22:15:41.627] [DEBUG] cheese - admin
[2020-02-02T22:15:41.632] [DEBUG] cheese - null
[2020-02-02T22:15:41.632] [DEBUG] cheese - null
[2020-02-02T22:16:22.995] [DEBUG] cheese - login => username:admin,password:123456
[2020-02-02T22:16:22.995] [DEBUG] cheese - admin
[2020-02-02T22:16:22.997] [DEBUG] cheese - null
[2020-02-02T22:16:22.998] [DEBUG] cheese - null
[2020-02-02T22:17:26.210] [DEBUG] cheese - login => username:admin,password:123456
[2020-02-02T22:17:26.210] [DEBUG] cheese - admin
[2020-02-02T22:17:26.212] [DEBUG] cheese - null
[2020-02-02T22:17:26.212] [DEBUG] cheese - null
[2020-02-02T23:38:35.665] [DEBUG] cheese - login => username:admin,password:123456
[2020-02-02T23:38:35.666] [DEBUG] cheese - admin
[2020-02-02T23:38:35.674] [DEBUG] cheese - null
[2020-02-02T23:38:35.675] [DEBUG] cheese - null
[2020-02-03T13:22:59.821] [DEBUG] cheese - login => username:admin,password:123456
[2020-02-03T13:22:59.822] [DEBUG] cheese - admin
[2020-02-03T13:22:59.837] [DEBUG] cheese - null
[2020-02-03T13:22:59.837] [DEBUG] cheese - null
[2020-02-03T18:21:34.956] [DEBUG] cheese - login => username:admin,password:123456
[2020-02-03T18:21:34.957] [DEBUG] cheese - admin
[2020-02-03T18:21:34.960] [DEBUG] cheese - null
[2020-02-03T18:21:34.960] [DEBUG] cheese - null
[2020-02-03T19:04:11.506] [DEBUG] cheese - null
[2020-02-03T19:05:03.641] [DEBUG] cheese - null
[2020-02-03T19:05:11.578] [DEBUG] cheese - null
[2020-02-03T19:06:58.095] [DEBUG] cheese - null
[2020-02-03T19:09:24.885] [DEBUG] cheese - null
[2020-02-03T20:48:21.123] [DEBUG] cheese - null
[2020-02-03T21:37:16.452] [DEBUG] cheese - login => username:admin,password:123456
[2020-02-03T21:37:16.453] [DEBUG] cheese - admin
[2020-02-03T21:37:16.467] [DEBUG] cheese - null
[2020-02-03T21:37:16.468] [DEBUG] cheese - null
[2020-02-03T23:05:18.896] [DEBUG] cheese - login => username:admin,password:123456
[2020-02-03T23:05:18.896] [DEBUG] cheese - admin
[2020-02-03T23:05:18.899] [DEBUG] cheese - null
[2020-02-03T23:05:18.899] [DEBUG] cheese - null
[2020-02-03T23:06:39.341] [DEBUG] cheese - login => username:admin,password:123456
[2020-02-03T23:06:39.341] [DEBUG] cheese - admin
[2020-02-03T23:06:39.344] [DEBUG] cheese - null
[2020-02-03T23:06:39.344] [DEBUG] cheese - null
[2020-02-03T23:31:23.470] [DEBUG] cheese - login => username:admin,password:123456
[2020-02-03T23:31:23.471] [DEBUG] cheese - admin
[2020-02-03T23:31:23.474] [DEBUG] cheese - null
[2020-02-03T23:31:23.475] [DEBUG] cheese - null
[2020-02-03T23:34:23.780] [DEBUG] cheese - login => username:admin,password:123456
[2020-02-03T23:34:23.780] [DEBUG] cheese - admin
[2020-02-03T23:34:23.782] [DEBUG] cheese - null
[2020-02-03T23:34:23.782] [DEBUG] cheese - null
[2020-02-03T23:39:23.538] [DEBUG] cheese - login => username:admin,password:123456
[2020-02-03T23:39:23.538] [DEBUG] cheese - admin
[2020-02-03T23:39:23.542] [DEBUG] cheese - null
[2020-02-03T23:39:23.542] [DEBUG] cheese - null
[2020-02-04T12:11:53.432] [DEBUG] cheese - login => username:admin,password:123456
[2020-02-04T12:11:53.433] [DEBUG] cheese - admin
[2020-02-04T12:11:53.448] [DEBUG] cheese - null
[2020-02-04T12:11:53.448] [DEBUG] cheese - null
[2020-02-04T13:46:47.561] [DEBUG] cheese - login => username:admin,password:123456
[2020-02-04T13:46:47.562] [DEBUG] cheese - admin
[2020-02-04T13:46:47.581] [DEBUG] cheese - null
[2020-02-04T13:46:47.582] [DEBUG] cheese - null
[2020-02-04T15:28:41.992] [DEBUG] cheese - null
[2020-02-04T16:15:57.987] [DEBUG] cheese - login => username:admin,password:123456
[2020-02-04T16:15:57.988] [DEBUG] cheese - admin
[2020-02-04T16:15:57.991] [DEBUG] cheese - null
[2020-02-04T16:15:57.992] [DEBUG] cheese - null
[2020-02-04T19:12:01.401] [DEBUG] cheese - login => username:admin,password:123456
[2020-02-04T19:12:01.403] [DEBUG] cheese - admin
[2020-02-04T19:12:01.411] [DEBUG] cheese - null
[2020-02-04T19:12:01.412] [DEBUG] cheese - null
[2020-02-05T13:05:20.437] [DEBUG] cheese - login => username:admin,password:123456
[2020-02-05T13:05:20.437] [DEBUG] cheese - admin
[2020-02-05T13:05:20.454] [DEBUG] cheese - null
[2020-02-05T13:05:20.454] [DEBUG] cheese - null
[2020-02-06T12:52:20.144] [DEBUG] cheese - login => username:admin,password:123456
[2020-02-06T12:52:20.145] [DEBUG] cheese - admin
[2020-02-06T12:52:20.159] [DEBUG] cheese - null
[2020-02-06T12:52:20.159] [DEBUG] cheese - null
[2020-02-06T17:21:54.610] [DEBUG] cheese - null
[2020-02-06T19:55:17.069] [DEBUG] cheese - login => username:admin,password:123456
[2020-02-06T19:55:17.070] [DEBUG] cheese - admin
[2020-02-06T19:55:17.074] [DEBUG] cheese - null
[2020-02-06T19:55:17.075] [DEBUG] cheese - null
[2020-02-06T22:16:27.321] [DEBUG] cheese - login => username:admin,password:123456
[2020-02-06T22:16:27.324] [DEBUG] cheese - admin
[2020-02-06T22:16:27.335] [DEBUG] cheese - null
[2020-02-06T22:16:27.335] [DEBUG] cheese - null
[2020-02-06T22:36:31.024] [DEBUG] cheese - login => username:admin,password:123456
[2020-02-06T22:36:31.025] [DEBUG] cheese - admin
[2020-02-06T22:36:31.028] [DEBUG] cheese - null
[2020-02-06T22:36:31.029] [DEBUG] cheese - null
[2020-02-06T22:46:41.721] [DEBUG] cheese - login => username:admin,password:123456
[2020-02-06T22:46:41.722] [DEBUG] cheese - admin
[2020-02-06T22:46:41.730] [DEBUG] cheese - null
[2020-02-06T22:46:41.730] [DEBUG] cheese - null
[2020-02-06T22:47:00.556] [DEBUG] cheese - login => username:admin,password:123456
[2020-02-06T22:47:00.556] [DEBUG] cheese - admin
[2020-02-06T22:47:00.560] [DEBUG] cheese - null
[2020-02-06T22:47:00.560] [DEBUG] cheese - null
[2020-02-06T22:48:42.923] [DEBUG] cheese - login => username:admin,password:123456
[2020-02-06T22:48:42.924] [DEBUG] cheese - admin
[2020-02-06T22:48:42.927] [DEBUG] cheese - null
[2020-02-06T22:48:42.927] [DEBUG] cheese - null
[2020-02-06T22:50:40.854] [DEBUG] cheese - login => username:admin,password:123456
[2020-02-06T22:50:40.854] [DEBUG] cheese - admin
[2020-02-06T22:50:40.856] [DEBUG] cheese - null
[2020-02-06T22:50:40.856] [DEBUG] cheese - null
[2020-02-06T22:53:06.848] [DEBUG] cheese - login => username:admin,password:123456
[2020-02-06T22:53:06.848] [DEBUG] cheese - admin
[2020-02-06T22:53:06.851] [DEBUG] cheese - null
[2020-02-06T22:53:06.852] [DEBUG] cheese - null
[2020-02-06T22:54:25.997] [DEBUG] cheese - login => username:admin,password:123456
[2020-02-06T22:54:25.997] [DEBUG] cheese - admin
[2020-02-06T22:54:25.999] [DEBUG] cheese - null
[2020-02-06T22:54:25.999] [DEBUG] cheese - null
[2020-02-06T22:55:45.785] [DEBUG] cheese - login => username:admin,password:123456
[2020-02-06T22:55:45.786] [DEBUG] cheese - admin
[2020-02-06T22:55:45.789] [DEBUG] cheese - null
[2020-02-06T22:55:45.790] [DEBUG] cheese - null
[2020-02-06T22:57:05.045] [DEBUG] cheese - login => username:admin,password:123456
[2020-02-06T22:57:05.045] [DEBUG] cheese - admin
[2020-02-06T22:57:05.047] [DEBUG] cheese - null
[2020-02-06T22:57:05.047] [DEBUG] cheese - null
[2020-02-06T22:58:31.724] [DEBUG] cheese - login => username:admin,password:123456
[2020-02-06T22:58:31.724] [DEBUG] cheese - admin
[2020-02-06T22:58:31.726] [DEBUG] cheese - null
[2020-02-06T22:58:31.726] [DEBUG] cheese - null
[2020-02-07T20:31:00.907] [DEBUG] cheese - login => username:admin,password:123456
[2020-02-07T20:31:00.908] [DEBUG] cheese - admin
[2020-02-07T20:31:00.917] [DEBUG] cheese - null
[2020-02-07T20:31:00.917] [DEBUG] cheese - null
[2020-02-07T20:31:08.976] [DEBUG] cheese - login => username:admin,password:123456
[2020-02-07T20:31:08.976] [DEBUG] cheese - admin
[2020-02-07T20:31:08.980] [DEBUG] cheese - null
[2020-02-07T20:31:08.980] [DEBUG] cheese - null
[2020-02-07T21:19:04.880] [DEBUG] cheese - login => username:admin,password:123456
[2020-02-07T21:19:04.881] [DEBUG] cheese - admin
[2020-02-07T21:19:04.884] [DEBUG] cheese - null
[2020-02-07T21:19:04.884] [DEBUG] cheese - null
[2020-02-07T21:20:31.343] [DEBUG] cheese - login => username:admin,password:123456
[2020-02-07T21:20:31.343] [DEBUG] cheese - admin
[2020-02-07T21:20:31.346] [DEBUG] cheese - null
[2020-02-07T21:20:31.346] [DEBUG] cheese - null
[2020-03-03T13:28:46.872] [DEBUG] cheese - login => username:admin,password:123456
[2020-03-03T13:28:46.880] [DEBUG] cheese - admin
[2020-03-03T13:28:46.895] [DEBUG] cheese - { inspect: [Function: inspect] }
[2020-03-03T13:28:46.897] [DEBUG] cheese - 查询失败
[2020-03-03T13:28:50.970] [DEBUG] cheese - login => username:admin,password:123456
[2020-03-03T13:28:50.970] [DEBUG] cheese - admin
[2020-03-03T13:28:50.973] [DEBUG] cheese - { inspect: [Function: inspect] }
[2020-03-03T13:28:50.974] [DEBUG] cheese - 查询失败
[2020-03-03T13:29:00.393] [DEBUG] cheese - login => username:admin,password:123456
[2020-03-03T13:29:00.394] [DEBUG] cheese - admin
[2020-03-03T13:29:00.398] [DEBUG] cheese - { inspect: [Function: inspect] }
[2020-03-03T13:29:00.398] [DEBUG] cheese - 查询失败
[2020-03-03T13:43:08.646] [DEBUG] cheese - login => username:admin,password:123456
[2020-03-03T13:43:08.649] [DEBUG] cheese - admin
[2020-03-03T13:43:08.673] [DEBUG] cheese - { inspect: [Function: inspect] }
[2020-03-03T13:43:08.680] [DEBUG] cheese - 查询失败
[2020-03-03T13:43:20.768] [DEBUG] cheese - login => username:admin,password:123456
[2020-03-03T13:43:20.768] [DEBUG] cheese - admin
[2020-03-03T13:43:20.775] [DEBUG] cheese - { inspect: [Function: inspect] }
[2020-03-03T13:43:20.775] [DEBUG] cheese - 查询失败
[2020-03-03T13:43:39.826] [DEBUG] cheese - login => username:admin,password:123456
[2020-03-03T13:43:39.826] [DEBUG] cheese - admin
[2020-03-03T13:43:39.834] [DEBUG] cheese - { inspect: [Function: inspect] }
[2020-03-03T13:43:39.834] [DEBUG] cheese - 查询失败
[2020-03-03T13:43:46.861] [DEBUG] cheese - login => username:admin,password:123456
[2020-03-03T13:43:46.861] [DEBUG] cheese - admin
[2020-03-03T13:43:46.865] [DEBUG] cheese - { inspect: [Function: inspect] }
[2020-03-03T13:43:46.865] [DEBUG] cheese - 查询失败
[2020-03-03T14:11:35.472] [DEBUG] cheese - login => username:admin,password:123456
[2020-03-03T14:11:35.473] [DEBUG] cheese - admin
[2020-03-03T14:11:35.487] [DEBUG] cheese - null
[2020-03-03T14:11:35.487] [DEBUG] cheese - null
[2020-03-03T14:18:28.626] [DEBUG] cheese - login => username:admin,password:123456
[2020-03-03T14:18:28.628] [DEBUG] cheese - admin
[2020-03-03T14:18:28.651] [DEBUG] cheese - null
[2020-03-03T14:18:28.652] [DEBUG] cheese - null
[2020-03-03T14:20:38.813] [DEBUG] cheese - login => username:admin,password:123456
[2020-03-03T14:20:38.814] [DEBUG] cheese - admin
[2020-03-03T14:20:39.880] [DEBUG] cheese - { inspect: [Function: inspect] }
[2020-03-03T14:20:39.880] [DEBUG] cheese - 查询失败
[2020-03-03T14:23:44.461] [DEBUG] cheese - login => username:admin,password:123456
[2020-03-03T14:23:44.461] [DEBUG] cheese - admin
[2020-03-03T14:23:44.640] [DEBUG] cheese - null
[2020-03-03T14:23:44.640] [DEBUG] cheese - null
[2020-03-03T22:36:46.133] [DEBUG] cheese - login => username:admin,password:123456
[2020-03-03T22:36:46.152] [DEBUG] cheese - admin
[2020-03-03T22:36:46.155] [DEBUG] cheese - null
[2020-03-03T22:36:46.155] [DEBUG] cheese - null
[2020-03-04T10:18:41.016] [DEBUG] cheese - login => username:admin,password:123456
[2020-03-04T10:18:41.017] [DEBUG] cheese - admin
[2020-03-04T10:18:41.066] [DEBUG] cheese - null
[2020-03-04T10:18:41.066] [DEBUG] cheese - null
[2020-03-11T10:57:40.757] [DEBUG] cheese - login => username:admin,password:123456
[2020-03-11T10:57:40.770] [DEBUG] cheese - admin
[2020-03-11T10:57:41.717] [DEBUG] cheese - null
[2020-03-11T10:57:41.718] [DEBUG] cheese - null
[2020-03-11T11:22:50.647] [DEBUG] cheese - login => username:admin,password:123456
[2020-03-11T11:22:50.648] [DEBUG] cheese - admin
[2020-03-11T11:22:50.652] [DEBUG] cheese - null
[2020-03-11T11:22:50.652] [DEBUG] cheese - null
[2020-03-11T12:27:23.726] [DEBUG] cheese - login => username:admin,password:123456
[2020-03-11T12:27:23.763] [DEBUG] cheese - admin
[2020-03-11T12:27:23.878] [DEBUG] cheese - null
[2020-03-11T12:27:23.878] [DEBUG] cheese - null
[2020-03-11T12:27:42.186] [DEBUG] cheese - login => username:admin,password:123456
[2020-03-11T12:27:42.186] [DEBUG] cheese - admin
[2020-03-11T12:27:42.192] [DEBUG] cheese - null
[2020-03-11T12:27:42.193] [DEBUG] cheese - null
[2020-03-11T12:31:58.287] [DEBUG] cheese - login => username:admin,password:123456
[2020-03-11T12:31:58.287] [DEBUG] cheese - admin
[2020-03-11T12:31:58.291] [DEBUG] cheese - null
[2020-03-11T12:31:58.291] [DEBUG] cheese - null
[2020-03-11T12:36:37.299] [DEBUG] cheese - login => username:admin,password:123456
[2020-03-11T12:36:37.300] [DEBUG] cheese - admin
[2020-03-11T12:36:37.327] [DEBUG] cheese - login => username:admin,password:123456
[2020-03-11T12:36:37.330] [DEBUG] cheese - admin
[2020-03-11T12:36:37.381] [DEBUG] cheese - null
[2020-03-11T12:36:37.381] [DEBUG] cheese - null
[2020-03-11T12:36:37.598] [DEBUG] cheese - null
[2020-03-11T12:36:37.599] [DEBUG] cheese - null
[2020-03-11T12:36:41.539] [DEBUG] cheese - login => username:admin,password:123456
[2020-03-11T12:36:41.539] [DEBUG] cheese - admin
[2020-03-11T12:36:41.546] [DEBUG] cheese - null
[2020-03-11T12:36:41.546] [DEBUG] cheese - null
[2020-03-11T12:37:06.471] [DEBUG] cheese - login => username:admin,password:123456
[2020-03-11T12:37:06.471] [DEBUG] cheese - admin
[2020-03-11T12:37:06.482] [DEBUG] cheese - null
[2020-03-11T12:37:06.483] [DEBUG] cheese - null
[2020-03-11T12:44:12.412] [DEBUG] cheese - login => username:admin,password:123456
[2020-03-11T12:44:12.412] [DEBUG] cheese - admin
[2020-03-11T12:44:12.417] [DEBUG] cheese - null
[2020-03-11T12:44:12.417] [DEBUG] cheese - null
[2020-03-11T12:51:04.789] [DEBUG] cheese - login => username:admin,password:123456
[2020-03-11T12:51:04.790] [DEBUG] cheese - admin
[2020-03-11T12:51:04.823] [DEBUG] cheese - null
[2020-03-11T12:51:04.823] [DEBUG] cheese - null
[2020-03-11T12:52:57.487] [DEBUG] cheese - login => username:admin,password:123456
[2020-03-11T12:52:57.488] [DEBUG] cheese - admin
[2020-03-11T12:52:57.497] [DEBUG] cheese - null
[2020-03-11T12:52:57.497] [DEBUG] cheese - null
[2020-03-11T12:56:43.454] [DEBUG] cheese - login => username:admin,password:123456
[2020-03-11T12:56:43.455] [DEBUG] cheese - admin
[2020-03-11T12:56:43.458] [DEBUG] cheese - null
[2020-03-11T12:56:43.458] [DEBUG] cheese - null
[2020-03-11T12:58:20.528] [DEBUG] cheese - login => username:admin,password:123456
[2020-03-11T12:58:20.528] [DEBUG] cheese - admin
[2020-03-11T12:58:20.532] [DEBUG] cheese - null
[2020-03-11T12:58:20.532] [DEBUG] cheese - null
[2020-03-11T13:00:00.947] [DEBUG] cheese - login => username:admin,password:123456
[2020-03-11T13:00:00.948] [DEBUG] cheese - admin
[2020-03-11T13:00:00.965] [DEBUG] cheese - null
[2020-03-11T13:00:00.966] [DEBUG] cheese - null
[2020-03-11T13:00:53.050] [DEBUG] cheese - login => username:admin,password:123456
[2020-03-11T13:00:53.050] [DEBUG] cheese - admin
[2020-03-11T13:00:53.094] [DEBUG] cheese - null
[2020-03-11T13:00:53.094] [DEBUG] cheese - null
